00000001	0.00000000	[DriverEntry] : Driver has been loaded	
00000002	0.00000667	[DriverEntry] : Registering driver's device name	
00000003	0.00003080	[DriverEntry] : Registering driver's symbolic link	
00000004	0.00062875	[lockRoutine] : beginCPU[1]	
00000005	0.00089976	[lockRoutine] : endCPU[1]	
00000006	0.00090130	[searchHDA] : Bus 00, Device 1B, Function 00	
00000007	0.00090489	[searchHDA] : Class code 40300, Base address F7FF8000	
00000008	0.00091567	[searchHDA] : HDA register set(VA B6C7B000, PA F7FF8000) was mapped	
00000009	0.00092234	[searchHDA] : Iss 4, Oss 4, Bss 0	
00000010	0.00092594	===================INPUT STREAM DESCRIPTOR===================	
00000011	0.00093928	[searchHDA] : IStream #0, Run 0, Base 48kHz, Mult 0, Div 0, Bits 0, Chan 0	
00000012	0.00095263	[searchHDA] : IStream #0, Run 0, Base 48kHz, Mult 0, Div 0, Bits 0, Chan 0	
00000013	0.00096597	[searchHDA] : IStream #0, Run 0, Base 48kHz, Mult 0, Div 0, Bits 0, Chan 0	
00000014	0.00097932	[searchHDA] : IStream #0, Run 0, Base 48kHz, Mult 0, Div 0, Bits 0, Chan 0	
00000015	0.00098291	===================OUTPUT STREAM DESCRIPTOR===================	
00000016	0.00099574	[searchHDA] : OStream #1, Run 1, Base 48kHz, Mult 0, Div 0, Bits 1, Chan 1	
00000017	0.00100857	[searchHDA] : OStream #0, Run 0, Base 48kHz, Mult 0, Div 0, Bits 0, Chan 0	
00000018	0.00102192	[searchHDA] : OStream #0, Run 0, Base 48kHz, Mult 0, Div 0, Bits 0, Chan 0	
00000019	0.00103423	[searchHDA] : OStream #0, Run 0, Base 48kHz, Mult 0, Div 0, Bits 0, Chan 0	
00000020	0.00103783	===================BIDIRECTIONAL STREAM DESCRIPTOR===================	
00000021	0.00104142	=======================================================================	
00000022	0.00105066	[searchHDA] : CORB(VA B6C8D000, PA F7FF8080) was mapped	
00000023	0.00105939	[searchHDA] : RIRB(VA B6C8E800, PA F7FF8080) was mapped	
00000024	0.00162757	[lockRoutine] : beginCPU[1]	
00000025	0.00177385	[enumCodec] : Codec 0, Vendor 10EC0269, Revision 100100, Subnodebase 1, Subnodecnt 1	
00000026	0.00187805	[enumFuncgroup] : Funcgroup 1, Type 1, Subnodebase 0, Subnodecnt 22	
00000027	0.00193143	===================WIDGET #0===================	
00000028	0.00197865	-------------------CONNECTION-------------------	
00000029	0.00198173	-------------------0 CONNECTS-------------------	
00000030	0.00198481	[enumWidget] Output widget, In Amp not present, Out Amp not present	
00000031	0.00198789	-------------------AUDIO OUT-------------------	
00000032	0.00211928	[Format] : Type 0, Base 44.1kHz, Mult 0, Div 0, Bits 0, Chan 0	
00000033	0.00212236	[Stream, Channel] : Stream 0, Lowest channel 0	
00000034	0.00212493	-----------------------------------------------	
00000035	0.00216856	===================WIDGET #1===================	
00000036	0.00220089	-------------------CONNECTION-------------------	
00000037	0.00220397	-------------------0 CONNECTS-------------------	
00000038	0.00220705	[enumWidget] Output widget, In Amp not present, Out Amp not present	
00000039	0.00221013	-------------------AUDIO OUT-------------------	
00000040	0.00233537	[Format] : Type 0, Base 44.1kHz, Mult 0, Div 0, Bits 0, Chan 0	
00000041	0.00233845	[Stream, Channel] : Stream 0, Lowest channel 0	
00000042	0.00234153	-----------------------------------------------	
00000043	0.00238926	===================WIDGET #2===================	
00000044	0.00243751	-------------------CONNECTION-------------------	
00000045	0.00244059	-------------------0 CONNECTS-------------------	
00000046	0.00244367	[enumWidget] Output widget, In Amp present, Out Amp not present	
00000047	0.00244675	-------------------AUDIO OUT-------------------	
00000048	0.00257661	[Format] : Type 0, Base 44.1kHz, Mult 0, Div 0, Bits 1, Chan 1	
00000049	0.00257968	[Stream, Channel] : Stream 0, Lowest channel 1	
00000050	0.00258276	-----------------------------------------------	
00000051	0.00262537	===================WIDGET #3===================	
00000052	0.00265924	-------------------CONNECTION-------------------	
00000053	0.00266232	-------------------0 CONNECTS-------------------	
00000054	0.00266540	[enumWidget] Output widget, In Amp present, Out Amp not present	
00000055	0.00266848	-------------------AUDIO OUT-------------------	
00000056	0.00279218	[Format] : Type 0, Base 44.1kHz, Mult 0, Div 0, Bits 3, Chan 1	
00000057	0.00279526	[Stream, Channel] : Stream 0, Lowest channel 0	
00000058	0.00279834	-----------------------------------------------	
00000059	0.00284658	===================WIDGET #4===================	
00000060	0.00289534	-------------------CONNECTION-------------------	
00000061	0.00289791	-------------------0 CONNECTS-------------------	
00000062	0.00290150	[enumWidget] Beep widget, In Amp not present, Out Amp not present	
00000063	0.00295180	===================WIDGET #5===================	
00000064	0.00300005	-------------------CONNECTION-------------------	
00000065	0.00300262	-------------------0 CONNECTS-------------------	
00000066	0.00300570	[enumWidget] Beep widget, In Amp not present, Out Amp not present	
00000067	0.00305600	===================WIDGET #6===================	
00000068	0.00310424	-------------------CONNECTION-------------------	
00000069	0.00310681	-------------------0 CONNECTS-------------------	
00000070	0.00311040	[enumWidget] Output widget, In Amp not present, Out Amp not present	
00000071	0.00311297	-------------------AUDIO OUT-------------------	
00000072	0.00324334	[Format] : Type 0, Base 44.1kHz, Mult 0, Div 0, Bits 3, Chan 1	
00000073	0.00324642	[Stream, Channel] : Stream 0, Lowest channel 0	
00000074	0.00324950	-----------------------------------------------	
00000075	0.00329159	===================WIDGET #7===================	
00000076	0.00332598	-------------------CONNECTION-------------------	
00000077	0.00332854	-------------------0 CONNECTS-------------------	
00000078	0.00333214	[enumWidget] Beep widget, In Amp not present, Out Amp not present	
00000079	0.00337628	===================WIDGET #8===================	
00000080	0.00340913	-------------------CONNECTION-------------------	
00000081	0.00346045	[enumConnects] Connect #0(8 bit) is Widget #23	
00000082	0.00346302	-------------------1 CONNECTS-------------------	
00000083	0.00346610	[enumWidget] Input widget, In Amp not present, Out Amp present	
00000084	0.00364831	[Amp(Connect #0)] : OutLeft M, OutRight M, InLeft M, InRight M	
00000085	0.00365139	-------------------AUDIO IN-------------------	
00000086	0.00378586	[Format] : Type 0, Base 44.1kHz, Mult 0, Div 0, Bits 3, Chan 1	
00000087	0.00378894	[Stream, Channel] : Stream 0, Lowest channel 0	
00000088	0.00379151	-----------------------------------------------	
00000089	0.00383411	===================WIDGET #9===================	
00000090	0.00386799	-------------------CONNECTION-------------------	
00000091	0.00391931	[enumConnects] Connect #0(8 bit) is Widget #22	
00000092	0.00392239	-------------------1 CONNECTS-------------------	
00000093	0.00392547	[enumWidget] Input widget, In Amp not present, Out Amp present	
00000094	0.00410563	[Amp(Connect #0)] : OutLeft M, OutRight M, InLeft M, InRight M	
00000095	0.00410871	-------------------AUDIO IN-------------------	
00000096	0.00424319	[Format] : Type 0, Base 44.1kHz, Mult 0, Div 0, Bits 3, Chan 1	
00000097	0.00424627	[Stream, Channel] : Stream 0, Lowest channel 0	
00000098	0.00424935	-----------------------------------------------	
00000099	0.00429143	===================WIDGET #A===================	
00000100	0.00432582	-------------------CONNECTION-------------------	
00000101	0.00432839	-------------------0 CONNECTS-------------------	
00000102	0.00433198	[enumWidget] Beep widget, In Amp not present, Out Amp not present	
00000103	0.00437766	===================WIDGET #B===================	
00000104	0.00443156	-------------------CONNECTION-------------------	
00000105	0.00447929	[enumConnects] Connect #0(8 bit) is Widget #18	
00000106	0.00448237	[enumConnects] Connect #1(8 bit) is Widget #19	
00000107	0.00448545	[enumConnects] Connect #2(8 bit) is Widget #1A	
00000108	0.00448853	[enumConnects] Connect #3(8 bit) is Widget #1B	
00000109	0.00453575	[enumConnects] Connect #4(8 bit) is Widget #1D	
00000110	0.00453832	-------------------5 CONNECTS-------------------	
00000111	0.00454191	[enumWidget] Mixer widget, In Amp not present, Out Amp present	
00000112	0.00470256	[Amp(Connect #0)] : OutLeft M, OutRight M, InLeft E, InRight E	
00000113	0.00486886	[Amp(Connect #1)] : OutLeft M, OutRight M, InLeft E, InRight E	
00000114	0.00503465	[Amp(Connect #2)] : OutLeft M, OutRight M, InLeft E, InRight E	
00000115	0.00520146	[Amp(Connect #3)] : OutLeft M, OutRight M, InLeft E, InRight E	
00000116	0.00536827	[Amp(Connect #4)] : OutLeft M, OutRight M, InLeft E, InRight E	
00000117	0.00541652	===================WIDGET #C===================	
00000118	0.00545091	-------------------CONNECTION-------------------	
00000119	0.00550223	[enumConnects] Connect #0(8 bit) is Widget #2	
00000120	0.00550480	[enumConnects] Connect #1(8 bit) is Widget #B	
00000121	0.00550788	-------------------2 CONNECTS-------------------	
00000122	0.00551096	[enumWidget] Mixer widget, In Amp not present, Out Amp present	
00000123	0.00568290	[Amp(Connect #0)] : OutLeft M, OutRight M, InLeft M, InRight M	
00000124	0.00584715	[Amp(Connect #1)] : OutLeft M, OutRight M, InLeft E, InRight E	
00000125	0.00589540	===================WIDGET #D===================	
00000126	0.00592978	-------------------CONNECTION-------------------	
00000127	0.00598163	[enumConnects] Connect #0(8 bit) is Widget #3	
00000128	0.00598419	[enumConnects] Connect #1(8 bit) is Widget #B	
00000129	0.00598727	-------------------2 CONNECTS-------------------	
00000130	0.00599035	[enumWidget] Mixer widget, In Amp not present, Out Amp present	
00000131	0.00616897	[Amp(Connect #0)] : OutLeft M, OutRight M, InLeft M, InRight M	
00000132	0.00635528	[Amp(Connect #1)] : OutLeft M, OutRight M, InLeft E, InRight E	
00000133	0.00638813	===================WIDGET #E===================	
00000134	0.00643997	-------------------CONNECTION-------------------	
00000135	0.00644305	-------------------0 CONNECTS-------------------	
00000136	0.00644665	[enumWidget] Beep widget, In Amp not present, Out Amp not present	
00000137	0.00649335	===================WIDGET #F===================	
00000138	0.00654211	-------------------CONNECTION-------------------	
00000139	0.00657702	[enumConnects] Connect #0(8 bit) is Widget #2	
00000140	0.00657958	[enumConnects] Connect #1(8 bit) is Widget #B	
00000141	0.00658266	-------------------2 CONNECTS-------------------	
00000142	0.00658574	[enumWidget] Mixer widget, In Amp not present, Out Amp present	
00000143	0.00676385	[Amp(Connect #0)] : OutLeft M, OutRight M, InLeft M, InRight M	
00000144	0.00693066	[Amp(Connect #1)] : OutLeft M, OutRight M, InLeft E, InRight E	
00000145	0.00697993	===================WIDGET #10===================	
00000146	0.00701329	-------------------CONNECTION-------------------	
00000147	0.00701586	-------------------0 CONNECTS-------------------	
00000148	0.00701945	[enumWidget] Beep widget, In Amp not present, Out Amp not present	
00000149	0.00706308	===================WIDGET #11===================	
00000150	0.00709644	-------------------CONNECTION-------------------	
00000151	0.00709952	-------------------0 CONNECTS-------------------	
00000152	0.00710260	[enumWidget] Beep widget, In Amp not present, Out Amp not present	
00000153	0.00714623	===================WIDGET #12===================	
00000154	0.00718011	-------------------CONNECTION-------------------	
00000155	0.00718267	-------------------0 CONNECTS-------------------	
00000156	0.00718626	[enumWidget] Pin widget, In Amp not present, Out Amp present	
00000157	0.00718883	-------------------PIN COMPLEX-------------------	
00000158	0.00734846	[Configuration] : PortConn NoConn, UpperLoc External, LowerLoc Rear, DefaultDev Speaker, ConnType 1/8"S/M, Color Black	
00000159	0.00735205	[IsDetect] : Pin is not detected	
00000160	0.00735462	[Capabilities] : Input capable Y, Output capable N	
00000161	0.00735770	[Control] : Input enable N, Output enable N	
00000162	0.00736026	-----------------------------------------------	
00000163	0.00740902	===================WIDGET #13===================	
00000164	0.00745316	-------------------CONNECTION-------------------	
00000165	0.00745573	-------------------0 CONNECTS-------------------	
00000166	0.00745881	[enumWidget] Beep widget, In Amp not present, Out Amp not present	
00000167	0.00750141	===================WIDGET #14===================	
00000168	0.00753477	-------------------CONNECTION-------------------	
00000169	0.00758456	[enumConnects] Connect #0(8 bit) is Widget #C	
00000170	0.00758713	[enumConnects] Connect #1(8 bit) is Widget #D	
00000171	0.00759021	-------------------2 CONNECTS-------------------	
00000172	0.00759329	[enumWidget] Pin widget, In Amp present, Out Amp not present	
00000173	0.00777036	[Amp(Connect #0)] : OutLeft M, OutRight M, InLeft M, InRight M	
00000174	0.00793974	[Amp(Connect #1)] : OutLeft M, OutRight M, InLeft M, InRight M	
00000175	0.00794282	-------------------PIN COMPLEX-------------------	
00000176	0.00812863	[Configuration] : PortConn FixedFunc, UpperLoc Internal, LowerLoc , DefaultDev Speaker, ConnType ATAPI, Color Unknown	
00000177	0.00813222	[IsDetect] : Pin is not detected	
00000178	0.00813478	[Capabilities] : Input capable N, Output capable Y	
00000179	0.00813786	[Control] : Input enable N, Output enable Y	
00000180	0.00814043	-----------------------------------------------	
00000181	0.00818098	===================WIDGET #15===================	
00000182	0.00822923	-------------------CONNECTION-------------------	
00000183	0.00823179	-------------------0 CONNECTS-------------------	
00000184	0.00823538	[enumWidget] Beep widget, In Amp not present, Out Amp not present	
00000185	0.00828517	===================WIDGET #16===================	
00000186	0.00833342	-------------------CONNECTION-------------------	
00000187	0.00833599	-------------------0 CONNECTS-------------------	
00000188	0.00833907	[enumWidget] Beep widget, In Amp not present, Out Amp not present	
00000189	0.00838936	===================WIDGET #17===================	
00000190	0.00843710	-------------------CONNECTION-------------------	
00000191	0.00847149	[enumConnects] Connect #0(8 bit) is Widget #F	
00000192	0.00847457	-------------------1 CONNECTS-------------------	
00000193	0.00847765	[enumWidget] Pin widget, In Amp present, Out Amp not present	
00000194	0.00863881	[Amp(Connect #0)] : OutLeft E, OutRight E, InLeft M, InRight M	
00000195	0.00864189	-------------------PIN COMPLEX-------------------	
00000196	0.00880665	[Configuration] : PortConn NoConn, UpperLoc External, LowerLoc Rear, DefaultDev Speaker, ConnType 1/8"S/M, Color Black	
00000197	0.00881024	[IsDetect] : Pin is not detected	
00000198	0.00881332	[Capabilities] : Input capable N, Output capable Y	
00000199	0.00881589	[Control] : Input enable N, Output enable N	
00000200	0.00881846	-----------------------------------------------	
00000201	0.00886824	===================WIDGET #18===================	
00000202	0.00891085	-------------------CONNECTION-------------------	
00000203	0.00895858	[enumConnects] Connect #0(8 bit) is Widget #D	
00000204	0.00896115	-------------------1 CONNECTS-------------------	
00000205	0.00896423	[enumWidget] Pin widget, In Amp present, Out Amp present	
00000206	0.00914541	[Amp(Connect #0)] : OutLeft E, OutRight E, InLeft M, InRight M	
00000207	0.00914849	-------------------PIN COMPLEX-------------------	
00000208	0.00933480	[Configuration] : PortConn Jack, UpperLoc External, LowerLoc Rear, DefaultDev MicIn, ConnType 1/8"S/M, Color Black	
00000209	0.00933840	[IsDetect] : Pin is not detected	
00000210	0.00934148	[Capabilities] : Input capable Y, Output capable Y	
00000211	0.00934404	[Control] : Input enable N, Output enable N	
00000212	0.00934661	-----------------------------------------------	
00000213	0.00938921	===================WIDGET #19===================	
00000214	0.00943746	-------------------CONNECTION-------------------	
00000215	0.00944054	-------------------0 CONNECTS-------------------	
00000216	0.00944362	[enumWidget] Pin widget, In Amp not present, Out Amp present	
00000217	0.00944670	-------------------PIN COMPLEX-------------------	
00000218	0.00962685	[Configuration] : PortConn FixedFunc, UpperLoc Internal, LowerLoc , DefaultDev MicIn, ConnType ATAPI, Color Unknown	
00000219	0.00963045	[IsDetect] : Pin is not detected	
00000220	0.00963301	[Capabilities] : Input capable Y, Output capable N	
00000221	0.00963609	[Control] : Input enable Y, Output enable N	
00000222	0.00963866	-----------------------------------------------	
00000223	0.00968075	===================WIDGET #1A===================	
00000224	0.00972951	-------------------CONNECTION-------------------	
00000225	0.00976441	[enumConnects] Connect #0(8 bit) is Widget #C	
00000226	0.00976749	[enumConnects] Connect #1(8 bit) is Widget #D	
00000227	0.00977006	-------------------2 CONNECTS-------------------	
00000228	0.00977314	[enumWidget] Pin widget, In Amp present, Out Amp present	
00000229	0.00993276	[Amp(Connect #0)] : OutLeft E, OutRight E, InLeft M, InRight M	
00000230	0.01009701	[Amp(Connect #1)] : OutLeft M, OutRight M, InLeft M, InRight M	
00000231	0.01010009	-------------------PIN COMPLEX-------------------	
00000232	0.01026536	[Configuration] : PortConn NoConn, UpperLoc External, LowerLoc Rear, DefaultDev Speaker, ConnType 1/8"S/M, Color Black	
00000233	0.01026947	[IsDetect] : Pin is not detected	
00000234	0.01027203	[Capabilities] : Input capable Y, Output capable Y	
00000235	0.01027460	[Control] : Input enable Y, Output enable N	
00000236	0.01027717	-----------------------------------------------	
00000237	0.01032541	===================WIDGET #1B===================	
00000238	0.01036801	-------------------CONNECTION-------------------	
00000239	0.01041729	[enumConnects] Connect #0(8 bit) is Widget #C	
00000240	0.01042037	[enumConnects] Connect #1(8 bit) is Widget #D	
00000241	0.01042293	-------------------2 CONNECTS-------------------	
00000242	0.01042653	[enumWidget] Pin widget, In Amp present, Out Amp present	
00000243	0.01060463	[Amp(Connect #0)] : OutLeft E, OutRight E, InLeft M, InRight M	
00000244	0.01077298	[Amp(Connect #1)] : OutLeft M, OutRight M, InLeft M, InRight M	
00000245	0.01077606	-------------------PIN COMPLEX-------------------	
00000246	0.01096135	[Configuration] : PortConn NoConn, UpperLoc External, LowerLoc Rear, DefaultDev Speaker, ConnType 1/8"S/M, Color Black	
00000247	0.01096494	[IsDetect] : Pin is not detected	
00000248	0.01096802	[Capabilities] : Input capable Y, Output capable Y	
00000249	0.01097059	[Control] : Input enable Y, Output enable N	
00000250	0.01097316	-----------------------------------------------	
00000251	0.01101422	===================WIDGET #1C===================	
00000252	0.01106298	-------------------CONNECTION-------------------	
00000253	0.01106606	-------------------0 CONNECTS-------------------	
00000254	0.01106965	[enumWidget] Beep widget, In Amp not present, Out Amp not present	
00000255	0.01111841	===================WIDGET #1D===================	
00000256	0.01116871	-------------------CONNECTION-------------------	
00000257	0.01117179	-------------------0 CONNECTS-------------------	
00000258	0.01117487	[enumWidget] Pin widget, In Amp not present, Out Amp not present	
00000259	0.01117795	-------------------PIN COMPLEX-------------------	
00000260	0.01135554	[Configuration] : PortConn NoConn, UpperLoc External, LowerLoc N/A, DefaultDev LineOut, ConnType Optical, Color Pink	
00000261	0.01135913	[IsDetect] : Pin is not detected	
00000262	0.01136170	[Capabilities] : Input capable Y, Output capable N	
00000263	0.01136478	[Control] : Input enable Y, Output enable N	
00000264	0.01136735	-----------------------------------------------	
00000265	0.01140995	===================WIDGET #1E===================	
00000266	0.01145819	-------------------CONNECTION-------------------	
00000267	0.01149258	[enumConnects] Connect #0(8 bit) is Widget #6	
00000268	0.01149566	-------------------1 CONNECTS-------------------	
00000269	0.01149874	[enumWidget] Pin widget, In Amp not present, Out Amp not present	
00000270	0.01165991	[Amp(Connect #0)] : OutLeft M, OutRight M, InLeft M, InRight M	
00000271	0.01166299	-------------------PIN COMPLEX-------------------	
00000272	0.01182723	[Configuration] : PortConn NoConn, UpperLoc External, LowerLoc Rear, DefaultDev Speaker, ConnType 1/8"S/M, Color Black	
00000273	0.01183134	[IsDetect] : Pin is not detected	
00000274	0.01183391	[Capabilities] : Input capable N, Output capable Y	
00000275	0.01183647	[Control] : Input enable N, Output enable Y	
00000276	0.01183904	-----------------------------------------------	
00000277	0.01188831	===================WIDGET #1F===================	
00000278	0.01192989	-------------------CONNECTION-------------------	
00000279	0.01193245	-------------------0 CONNECTS-------------------	
00000280	0.01193605	[enumWidget] Beep widget, In Amp not present, Out Amp not present	
00000281	0.01198173	===================WIDGET #20===================	
00000282	0.01203511	-------------------CONNECTION-------------------	
00000283	0.01203767	-------------------0 CONNECTS-------------------	
00000284	0.01204075	[enumWidget] Beep widget, In Amp not present, Out Amp not present	
00000285	0.01208284	===================WIDGET #21===================	
00000286	0.01211723	-------------------CONNECTION-------------------	
00000287	0.01216753	[enumConnects] Connect #0(8 bit) is Widget #C	
00000288	0.01217061	[enumConnects] Connect #1(8 bit) is Widget #D	
00000289	0.01217318	-------------------2 CONNECTS-------------------	
00000290	0.01217626	[enumWidget] Pin widget, In Amp present, Out Amp not present	
00000291	0.01235590	[Amp(Connect #0)] : OutLeft M, OutRight M, InLeft M, InRight M	
00000292	0.01254222	[Amp(Connect #1)] : OutLeft M, OutRight M, InLeft M, InRight M	
00000293	0.01254530	-------------------PIN COMPLEX-------------------	
00000294	0.01273161	[Configuration] : PortConn Jack, UpperLoc External, LowerLoc Rear, DefaultDev HPOut, ConnType 1/8"S/M, Color Black	
00000295	0.01273520	[IsDetect] : Pin is not detected	
00000296	0.01273777	[Capabilities] : Input capable N, Output capable Y	
00000297	0.01274085	[Control] : Input enable N, Output enable Y	
00000298	0.01274290	-----------------------------------------------	
00000299	0.01274547	================================================	
00000300	0.01274855	[lockRoutine] : endCPU[1]	
00000301	0.01312016	[DriverEntry] : Codec was found	
