00000001	0.00000000	[DriverEntry] : Driver has been loaded	
00000002	0.00000616	[DriverEntry] : Registering driver's device name	
00000003	0.00003028	[DriverEntry] : Registering driver's symbolic link	
00000004	0.00330083	[lockRoutine] : beginCPU[1]	
00000005	0.00357440	[lockRoutine] : endCPU[1]	
00000006	0.00358004	[searchHDA] : Bus 00, Device 1B, Function 00	
00000007	0.00358415	[searchHDA] : Class code 40300, Base address F7FF8000	
00000008	0.00359544	[searchHDA] : HDA register set(VA C75B4000, PA F7FF8000) was mapped	
00000009	0.00360263	[searchHDA] : Iss 4, Oss 4, Bss 0	
00000010	0.00360571	===================INPUT STREAM DESCRIPTOR===================	
00000011	0.00361854	[searchHDA] : IStream #0, Run 0, Base 48kHz, Mult 0, Div 0, Bits 0, Chan 0	
00000012	0.00363188	[searchHDA] : IStream #0, Run 0, Base 48kHz, Mult 0, Div 0, Bits 0, Chan 0	
00000013	0.00364523	[searchHDA] : IStream #0, Run 0, Base 48kHz, Mult 0, Div 0, Bits 0, Chan 0	
00000014	0.00365857	[searchHDA] : IStream #0, Run 0, Base 48kHz, Mult 0, Div 0, Bits 0, Chan 0	
00000015	0.00366217	===================OUTPUT STREAM DESCRIPTOR===================	
00000016	0.00367551	[searchHDA] : OStream #1, Run 0, Base 48kHz, Mult 0, Div 0, Bits 1, Chan 1	
00000017	0.00368886	[searchHDA] : OStream #0, Run 0, Base 48kHz, Mult 0, Div 0, Bits 0, Chan 0	
00000018	0.00370169	[searchHDA] : OStream #0, Run 0, Base 48kHz, Mult 0, Div 0, Bits 0, Chan 0	
00000019	0.00371503	[searchHDA] : OStream #0, Run 0, Base 48kHz, Mult 0, Div 0, Bits 0, Chan 0	
00000020	0.00371811	===================BIDIRECTIONAL STREAM DESCRIPTOR===================	
00000021	0.00372171	=======================================================================	
00000022	0.00373146	[searchHDA] : CORB(VA C75B6000, PA F7FF8080) was mapped	
00000023	0.00374018	[searchHDA] : RIRB(VA C75B7800, PA F7FF8080) was mapped	
00000024	0.00429913	[lockRoutine] : beginCPU[1]	
00000025	0.00445157	[enumCodec] : Codec 0, Vendor 10EC0269, Revision 100100, Subnodebase 1, Subnodecnt 1	
00000026	0.00455115	[enumFuncgroup] : Funcgroup 1, Type 1, Subnodebase 0, Subnodecnt 22	
00000027	0.00460607	===================WIDGET #0===================	
00000028	0.00465585	-------------------CONNECTION-------------------	
00000029	0.00465893	-------------------0 CONNECTS-------------------	
00000030	0.00466201	[enumWidget] Output widget, In Amp not present, Out Amp not present	
00000031	0.00466509	-------------------AUDIO OUT-------------------	
00000032	0.00479392	[Format] : Type 0, Base 44.1kHz, Mult 0, Div 0, Bits 0, Chan 0	
00000033	0.00479700	[Stream, Channel] : Stream 0, Lowest channel 0	
00000034	0.00479957	-----------------------------------------------	
00000035	0.00484217	===================WIDGET #1===================	
00000036	0.00487656	-------------------CONNECTION-------------------	
00000037	0.00487913	-------------------0 CONNECTS-------------------	
00000038	0.00488272	[enumWidget] Output widget, In Amp not present, Out Amp not present	
00000039	0.00488580	-------------------AUDIO OUT-------------------	
00000040	0.00501001	[Format] : Type 0, Base 44.1kHz, Mult 0, Div 0, Bits 0, Chan 0	
00000041	0.00501309	[Stream, Channel] : Stream 0, Lowest channel 0	
00000042	0.00501565	-----------------------------------------------	
00000043	0.00506442	===================WIDGET #2===================	
00000044	0.00511266	-------------------CONNECTION-------------------	
00000045	0.00511574	-------------------0 CONNECTS-------------------	
00000046	0.00511882	[enumWidget] Output widget, In Amp present, Out Amp not present	
00000047	0.00512190	-------------------AUDIO OUT-------------------	
00000048	0.00525330	[Format] : Type 0, Base 44.1kHz, Mult 0, Div 0, Bits 1, Chan 1	
00000049	0.00525638	[Stream, Channel] : Stream 0, Lowest channel 1	
00000050	0.00525894	-----------------------------------------------	
00000051	0.00530308	===================WIDGET #3===================	
00000052	0.00533491	-------------------CONNECTION-------------------	
00000053	0.00533799	-------------------0 CONNECTS-------------------	
00000054	0.00534107	[enumWidget] Output widget, In Amp present, Out Amp not present	
00000055	0.00534415	-------------------AUDIO OUT-------------------	
00000056	0.00546784	[Format] : Type 0, Base 44.1kHz, Mult 0, Div 0, Bits 3, Chan 1	
00000057	0.00547092	[Stream, Channel] : Stream 0, Lowest channel 0	
00000058	0.00547349	-----------------------------------------------	
00000059	0.00552328	===================WIDGET #4===================	
00000060	0.00557204	-------------------CONNECTION-------------------	
00000061	0.00557460	-------------------0 CONNECTS-------------------	
00000062	0.00557820	[enumWidget] Beep widget, In Amp not present, Out Amp not present	
00000063	0.00562644	===================WIDGET #5===================	
00000064	0.00567674	-------------------CONNECTION-------------------	
00000065	0.00567982	-------------------0 CONNECTS-------------------	
00000066	0.00568290	[enumWidget] Beep widget, In Amp not present, Out Amp not present	
00000067	0.00573064	===================WIDGET #6===================	
00000068	0.00578145	-------------------CONNECTION-------------------	
00000069	0.00578453	-------------------0 CONNECTS-------------------	
00000070	0.00578761	[enumWidget] Output widget, In Amp not present, Out Amp not present	
00000071	0.00579069	-------------------AUDIO OUT-------------------	
00000072	0.00591901	[Format] : Type 0, Base 44.1kHz, Mult 0, Div 0, Bits 3, Chan 1	
00000073	0.00592209	[Stream, Channel] : Stream 0, Lowest channel 0	
00000074	0.00592465	-----------------------------------------------	
00000075	0.00596982	===================WIDGET #7===================	
00000076	0.00600216	-------------------CONNECTION-------------------	
00000077	0.00600524	-------------------0 CONNECTS-------------------	
00000078	0.00600831	[enumWidget] Beep widget, In Amp not present, Out Amp not present	
00000079	0.00605092	===================WIDGET #8===================	
00000080	0.00608531	-------------------CONNECTION-------------------	
00000081	0.00613612	[enumConnects] Connect #0(8 bit) is Widget #23	
00000082	0.00613920	-------------------1 CONNECTS-------------------	
00000083	0.00614228	[enumWidget] Input widget, In Amp not present, Out Amp present	
00000084	0.00632141	[Amp(Connect #0)] : OutLeft M, OutRight M, InLeft M, InRight M	
00000085	0.00632449	-------------------AUDIO IN-------------------	
00000086	0.00646153	[Format] : Type 0, Base 44.1kHz, Mult 0, Div 0, Bits 3, Chan 1	
00000087	0.00646461	[Stream, Channel] : Stream 0, Lowest channel 0	
00000088	0.00646718	-----------------------------------------------	
00000089	0.00650926	===================WIDGET #9===================	
00000090	0.00654571	-------------------CONNECTION-------------------	
00000091	0.00659241	[enumConnects] Connect #0(8 bit) is Widget #22	
00000092	0.00659498	-------------------1 CONNECTS-------------------	
00000093	0.00659857	[enumWidget] Input widget, In Amp not present, Out Amp present	
00000094	0.00678284	[Amp(Connect #0)] : OutLeft M, OutRight M, InLeft M, InRight M	
00000095	0.00678592	-------------------AUDIO IN-------------------	
00000096	0.00691988	[Format] : Type 0, Base 44.1kHz, Mult 0, Div 0, Bits 3, Chan 1	
00000097	0.00692296	[Stream, Channel] : Stream 0, Lowest channel 0	
00000098	0.00692552	-----------------------------------------------	
00000099	0.00696915	===================WIDGET #A===================	
00000100	0.00700149	-------------------CONNECTION-------------------	
00000101	0.00700457	-------------------0 CONNECTS-------------------	
00000102	0.00700765	[enumWidget] Beep widget, In Amp not present, Out Amp not present	
00000103	0.00705282	===================WIDGET #B===================	
00000104	0.00708566	-------------------CONNECTION-------------------	
00000105	0.00713391	[enumConnects] Connect #0(8 bit) is Widget #18	
00000106	0.00713699	[enumConnects] Connect #1(8 bit) is Widget #19	
00000107	0.00714007	[enumConnects] Connect #2(8 bit) is Widget #1A	
00000108	0.00714315	[enumConnects] Connect #3(8 bit) is Widget #1B	
00000109	0.00718934	[enumConnects] Connect #4(8 bit) is Widget #1D	
00000110	0.00719242	-------------------5 CONNECTS-------------------	
00000111	0.00719550	[enumWidget] Mixer widget, In Amp not present, Out Amp present	
00000112	0.00735616	[Amp(Connect #0)] : OutLeft M, OutRight M, InLeft E, InRight E	
00000113	0.00752348	[Amp(Connect #1)] : OutLeft M, OutRight M, InLeft E, InRight E	
00000114	0.00769029	[Amp(Connect #2)] : OutLeft M, OutRight M, InLeft E, InRight E	
00000115	0.00785608	[Amp(Connect #3)] : OutLeft M, OutRight M, InLeft E, InRight E	
00000116	0.00802392	[Amp(Connect #4)] : OutLeft M, OutRight M, InLeft E, InRight E	
00000117	0.00807063	===================WIDGET #C===================	
00000118	0.00810604	-------------------CONNECTION-------------------	
00000119	0.00815737	[enumConnects] Connect #0(8 bit) is Widget #2	
00000120	0.00816045	[enumConnects] Connect #1(8 bit) is Widget #B	
00000121	0.00816301	-------------------2 CONNECTS-------------------	
00000122	0.00816609	[enumWidget] Mixer widget, In Amp not present, Out Amp present	
00000123	0.00834471	[Amp(Connect #0)] : OutLeft M, OutRight M, InLeft M, InRight M	
00000124	0.00853051	[Amp(Connect #1)] : OutLeft M, OutRight M, InLeft E, InRight E	
00000125	0.00856439	===================WIDGET #D===================	
00000126	0.00861315	-------------------CONNECTION-------------------	
00000127	0.00864754	[enumConnects] Connect #0(8 bit) is Widget #3	
00000128	0.00865011	[enumConnects] Connect #1(8 bit) is Widget #B	
00000129	0.00865318	-------------------2 CONNECTS-------------------	
00000130	0.00865626	[enumWidget] Mixer widget, In Amp not present, Out Amp present	
00000131	0.00881435	[Amp(Connect #0)] : OutLeft M, OutRight M, InLeft M, InRight M	
00000132	0.00898116	[Amp(Connect #1)] : OutLeft M, OutRight M, InLeft E, InRight E	
00000133	0.00903249	===================WIDGET #E===================	
00000134	0.00908587	-------------------CONNECTION-------------------	
00000135	0.00908844	-------------------0 CONNECTS-------------------	
00000136	0.00909152	[enumWidget] Beep widget, In Amp not present, Out Amp not present	
00000137	0.00913412	===================WIDGET #F===================	
00000138	0.00916902	-------------------CONNECTION-------------------	
00000139	0.00921829	[enumConnects] Connect #0(8 bit) is Widget #2	
00000140	0.00922137	[enumConnects] Connect #1(8 bit) is Widget #B	
00000141	0.00922394	-------------------2 CONNECTS-------------------	
00000142	0.00922702	[enumWidget] Mixer widget, In Amp not present, Out Amp present	
00000143	0.00940666	[Amp(Connect #0)] : OutLeft M, OutRight M, InLeft M, InRight M	
00000144	0.00959247	[Amp(Connect #1)] : OutLeft M, OutRight M, InLeft E, InRight E	
00000145	0.00962634	===================WIDGET #10===================	
00000146	0.00967818	-------------------CONNECTION-------------------	
00000147	0.00968075	-------------------0 CONNECTS-------------------	
00000148	0.00968434	[enumWidget] Beep widget, In Amp not present, Out Amp not present	
00000149	0.00973156	===================WIDGET #11===================	
00000150	0.00977981	-------------------CONNECTION-------------------	
00000151	0.00978289	-------------------0 CONNECTS-------------------	
00000152	0.00978597	[enumWidget] Beep widget, In Amp not present, Out Amp not present	
00000153	0.00983575	===================WIDGET #12===================	
00000154	0.00988400	-------------------CONNECTION-------------------	
00000155	0.00988657	-------------------0 CONNECTS-------------------	
00000156	0.00989016	[enumWidget] Pin widget, In Amp not present, Out Amp present	
00000157	0.00989273	-------------------PIN COMPLEX-------------------	
00000158	0.01007494	[Configuration] : PortConn NoConn, UpperLoc External, LowerLoc Rear, DefaultDev Speaker, ConnType 1/8"S/M, Color Black	
00000159	0.01007904	[IsDetect] : Pin is not detected	
00000160	0.01008161	[Capabilities] : Input capable Y, Output capable N	
00000161	0.01008469	[Control] : Input enable N, Output enable N	
00000162	0.01008726	-----------------------------------------------	
00000163	0.01012729	===================WIDGET #13===================	
00000164	0.01017554	-------------------CONNECTION-------------------	
00000165	0.01017862	-------------------0 CONNECTS-------------------	
00000166	0.01018170	[enumWidget] Beep widget, In Amp not present, Out Amp not present	
00000167	0.01023046	===================WIDGET #14===================	
00000168	0.01027973	-------------------CONNECTION-------------------	
00000169	0.01031617	[enumConnects] Connect #0(8 bit) is Widget #C	
00000170	0.01031925	[enumConnects] Connect #1(8 bit) is Widget #D	
00000171	0.01032233	-------------------2 CONNECTS-------------------	
00000172	0.01032541	[enumWidget] Pin widget, In Amp present, Out Amp not present	
00000173	0.01050198	[Amp(Connect #0)] : OutLeft M, OutRight M, InLeft M, InRight M	
00000174	0.01066879	[Amp(Connect #1)] : OutLeft M, OutRight M, InLeft M, InRight M	
00000175	0.01067187	-------------------PIN COMPLEX-------------------	
00000176	0.01083714	[Configuration] : PortConn FixedFunc, UpperLoc Internal, LowerLoc , DefaultDev Speaker, ConnType ATAPI, Color Unknown	
00000177	0.01084073	[IsDetect] : Pin is not detected	
00000178	0.01084330	[Capabilities] : Input capable N, Output capable Y	
00000179	0.01084638	[Control] : Input enable N, Output enable Y	
00000180	0.01084895	-----------------------------------------------	
00000181	0.01089719	===================WIDGET #15===================	
00000182	0.01093877	-------------------CONNECTION-------------------	
00000183	0.01094185	-------------------0 CONNECTS-------------------	
00000184	0.01094544	[enumWidget] Beep widget, In Amp not present, Out Amp not present	
00000185	0.01098958	===================WIDGET #16===================	
00000186	0.01102448	-------------------CONNECTION-------------------	
00000187	0.01102756	-------------------0 CONNECTS-------------------	
00000188	0.01103064	[enumWidget] Beep widget, In Amp not present, Out Amp not present	
00000189	0.01107170	===================WIDGET #17===================	
00000190	0.01110815	-------------------CONNECTION-------------------	
00000191	0.01115537	[enumConnects] Connect #0(8 bit) is Widget #F	
00000192	0.01115793	-------------------1 CONNECTS-------------------	
00000193	0.01116101	[enumWidget] Pin widget, In Amp present, Out Amp not present	
00000194	0.01134322	[Amp(Connect #0)] : OutLeft E, OutRight E, InLeft M, InRight M	
00000195	0.01134579	-------------------PIN COMPLEX-------------------	
00000196	0.01153159	[Configuration] : PortConn NoConn, UpperLoc External, LowerLoc Rear, DefaultDev Speaker, ConnType 1/8"S/M, Color Black	
00000197	0.01153518	[IsDetect] : Pin is not detected	
00000198	0.01153775	[Capabilities] : Input capable N, Output capable Y	
00000199	0.01154083	[Control] : Input enable N, Output enable N	
00000200	0.01154340	-----------------------------------------------	
00000201	0.01158497	===================WIDGET #18===================	
00000202	0.01163630	-------------------CONNECTION-------------------	
00000203	0.01168916	[enumConnects] Connect #0(8 bit) is Widget #D	
00000204	0.01169224	-------------------1 CONNECTS-------------------	
00000205	0.01169532	[enumWidget] Pin widget, In Amp present, Out Amp present	
00000206	0.01185649	[Amp(Connect #0)] : OutLeft E, OutRight E, InLeft M, InRight M	
00000207	0.01185906	-------------------PIN COMPLEX-------------------	
00000208	0.01202382	[Configuration] : PortConn Jack, UpperLoc External, LowerLoc Rear, DefaultDev MicIn, ConnType 1/8"S/M, Color Black	
00000209	0.01202792	[IsDetect] : Pin is not detected	
00000210	0.01203049	[Capabilities] : Input capable Y, Output capable Y	
00000211	0.01203305	[Control] : Input enable N, Output enable N	
00000212	0.01203562	-----------------------------------------------	
00000213	0.01208489	===================WIDGET #19===================	
00000214	0.01212750	-------------------CONNECTION-------------------	
00000215	0.01213058	-------------------0 CONNECTS-------------------	
00000216	0.01213417	[enumWidget] Pin widget, In Amp not present, Out Amp present	
00000217	0.01213674	-------------------PIN COMPLEX-------------------	
00000218	0.01231535	[Configuration] : PortConn FixedFunc, UpperLoc Internal, LowerLoc , DefaultDev MicIn, ConnType ATAPI, Color Unknown	
00000219	0.01231894	[IsDetect] : Pin is not detected	
00000220	0.01232202	[Capabilities] : Input capable Y, Output capable N	
00000221	0.01232459	[Control] : Input enable Y, Output enable N	
00000222	0.01232716	-----------------------------------------------	
00000223	0.01237643	===================WIDGET #1A===================	
00000224	0.01241903	-------------------CONNECTION-------------------	
00000225	0.01246728	[enumConnects] Connect #0(8 bit) is Widget #C	
00000226	0.01247036	[enumConnects] Connect #1(8 bit) is Widget #D	
00000227	0.01247292	-------------------2 CONNECTS-------------------	
00000228	0.01247600	[enumWidget] Pin widget, In Amp present, Out Amp present	
00000229	0.01265770	[Amp(Connect #0)] : OutLeft E, OutRight E, InLeft M, InRight M	
00000230	0.01284299	[Amp(Connect #1)] : OutLeft M, OutRight M, InLeft M, InRight M	
00000231	0.01284607	-------------------PIN COMPLEX-------------------	
00000232	0.01303239	[Configuration] : PortConn NoConn, UpperLoc External, LowerLoc Rear, DefaultDev Speaker, ConnType 1/8"S/M, Color Black	
00000233	0.01303598	[IsDetect] : Pin is not detected	
00000234	0.01303855	[Capabilities] : Input capable Y, Output capable Y	
00000235	0.01304163	[Control] : Input enable Y, Output enable N	
00000236	0.01304419	-----------------------------------------------	
00000237	0.01308577	===================WIDGET #1B===================	
00000238	0.01313607	-------------------CONNECTION-------------------	
00000239	0.01316840	[enumConnects] Connect #0(8 bit) is Widget #C	
00000240	0.01317097	[enumConnects] Connect #1(8 bit) is Widget #D	
00000241	0.01317354	-------------------2 CONNECTS-------------------	
00000242	0.01317713	[enumWidget] Pin widget, In Amp present, Out Amp present	
00000243	0.01333624	[Amp(Connect #0)] : OutLeft E, OutRight E, InLeft M, InRight M	
00000244	0.01350459	[Amp(Connect #1)] : OutLeft M, OutRight M, InLeft M, InRight M	
00000245	0.01350767	-------------------PIN COMPLEX-------------------	
00000246	0.01366987	[Configuration] : PortConn NoConn, UpperLoc External, LowerLoc Rear, DefaultDev Speaker, ConnType 1/8"S/M, Color Black	
00000247	0.01367346	[IsDetect] : Pin is not detected	
00000248	0.01367602	[Capabilities] : Input capable Y, Output capable Y	
00000249	0.01367910	[Control] : Input enable Y, Output enable N	
00000250	0.01368167	-----------------------------------------------	
00000251	0.01373043	===================WIDGET #1C===================	
00000252	0.01377457	-------------------CONNECTION-------------------	
00000253	0.01377765	-------------------0 CONNECTS-------------------	
00000254	0.01378073	[enumWidget] Beep widget, In Amp not present, Out Amp not present	
00000255	0.01382128	===================WIDGET #1D===================	
00000256	0.01385567	-------------------CONNECTION-------------------	
00000257	0.01385824	-------------------0 CONNECTS-------------------	
00000258	0.01386183	[enumWidget] Pin widget, In Amp not present, Out Amp not present	
00000259	0.01386491	-------------------PIN COMPLEX-------------------	
00000260	0.01402453	[Configuration] : PortConn NoConn, UpperLoc External, LowerLoc N/A, DefaultDev LineOut, ConnType Optical, Color Pink	
00000261	0.01402813	[IsDetect] : Pin is not detected	
00000262	0.01403069	[Capabilities] : Input capable Y, Output capable N	
00000263	0.01403377	[Control] : Input enable Y, Output enable N	
00000264	0.01403634	-----------------------------------------------	
00000265	0.01408459	===================WIDGET #1E===================	
00000266	0.01412667	-------------------CONNECTION-------------------	
00000267	0.01417800	[enumConnects] Connect #0(8 bit) is Widget #6	
00000268	0.01418108	-------------------1 CONNECTS-------------------	
00000269	0.01418416	[enumWidget] Pin widget, In Amp not present, Out Amp not present	
00000270	0.01436432	[Amp(Connect #0)] : OutLeft M, OutRight M, InLeft M, InRight M	
00000271	0.01436740	-------------------PIN COMPLEX-------------------	
00000272	0.01455166	[Configuration] : PortConn NoConn, UpperLoc External, LowerLoc Rear, DefaultDev Speaker, ConnType 1/8"S/M, Color Black	
00000273	0.01455525	[IsDetect] : Pin is not detected	
00000274	0.01455782	[Capabilities] : Input capable N, Output capable Y	
00000275	0.01456090	[Control] : Input enable N, Output enable Y	
00000276	0.01456347	-----------------------------------------------	
00000277	0.01460555	===================WIDGET #1F===================	
00000278	0.01465688	-------------------CONNECTION-------------------	
00000279	0.01465996	-------------------0 CONNECTS-------------------	
00000280	0.01466304	[enumWidget] Beep widget, In Amp not present, Out Amp not present	
00000281	0.01471077	===================WIDGET #20===================	
00000282	0.01476107	-------------------CONNECTION-------------------	
00000283	0.01476364	-------------------0 CONNECTS-------------------	
00000284	0.01476723	[enumWidget] Beep widget, In Amp not present, Out Amp not present	
00000285	0.01481394	===================WIDGET #21===================	
00000286	0.01486270	-------------------CONNECTION-------------------	
00000287	0.01489709	[enumConnects] Connect #0(8 bit) is Widget #C	
00000288	0.01490017	[enumConnects] Connect #1(8 bit) is Widget #D	
00000289	0.01490325	-------------------2 CONNECTS-------------------	
00000290	0.01490633	[enumWidget] Pin widget, In Amp present, Out Amp not present	
00000291	0.01506442	[Amp(Connect #0)] : OutLeft M, OutRight M, InLeft M, InRight M	
00000292	0.01523123	[Amp(Connect #1)] : OutLeft M, OutRight M, InLeft M, InRight M	
00000293	0.01523431	-------------------PIN COMPLEX-------------------	
00000294	0.01539855	[Configuration] : PortConn Jack, UpperLoc External, LowerLoc Rear, DefaultDev HPOut, ConnType 1/8"S/M, Color Black	
00000295	0.01540215	[IsDetect] : Pin is not detected	
00000296	0.01540471	[Capabilities] : Input capable N, Output capable Y	
00000297	0.01540779	[Control] : Input enable N, Output enable Y	
00000298	0.01541036	-----------------------------------------------	
00000299	0.01541241	================================================	
00000300	0.01541549	[lockRoutine] : endCPU[1]	
00000301	0.01543756	[DriverEntry] : Codec was found	
