00000001	0.00000000	[DriverEntry] : Driver has been loaded	
00000002	0.00000667	[DriverEntry] : Registering driver's device name	
00000003	0.00003028	[DriverEntry] : Registering driver's symbolic link	
00000004	0.00083303	[lockRoutine] : beginCPU[1]	
00000005	0.00110712	[lockRoutine] : endCPU[1]	
00000006	0.00110866	[searchHDA] : Bus 00, Device 1B, Function 00	
00000007	0.00111276	[searchHDA] : Class code 40300, Base address F7FF8000	
00000008	0.00112303	[searchHDA] : HDA register set(VA C1546000, PA F7FF8000) was mapped	
00000009	0.00112970	[searchHDA] : Iss 4, Oss 4, Bss 0	
00000010	0.00113330	===================INPUT STREAM DESCRIPTOR===================	
00000011	0.00114715	[searchHDA] : IStream #1, Run 1, Base 48kHz, Mult 0, Div 0, Bits 1, Chan 1	
00000012	0.00116050	[searchHDA] : IStream #2, Run 1, Base 48kHz, Mult 0, Div 0, Bits 1, Chan 1	
00000013	0.00117384	[searchHDA] : IStream #0, Run 0, Base 48kHz, Mult 0, Div 0, Bits 0, Chan 0	
00000014	0.00118719	[searchHDA] : IStream #0, Run 0, Base 48kHz, Mult 0, Div 0, Bits 0, Chan 0	
00000015	0.00119078	===================OUTPUT STREAM DESCRIPTOR===================	
00000016	0.00120464	[searchHDA] : OStream #0, Run 0, Base 48kHz, Mult 0, Div 0, Bits 0, Chan 0	
00000017	0.00121798	[searchHDA] : OStream #0, Run 0, Base 48kHz, Mult 0, Div 0, Bits 0, Chan 0	
00000018	0.00123133	[searchHDA] : OStream #0, Run 0, Base 48kHz, Mult 0, Div 0, Bits 0, Chan 0	
00000019	0.00124467	[searchHDA] : OStream #0, Run 0, Base 48kHz, Mult 0, Div 0, Bits 0, Chan 0	
00000020	0.00124827	===================BIDIRECTIONAL STREAM DESCRIPTOR===================	
00000021	0.00125186	=======================================================================	
00000022	0.00126110	[searchHDA] : CORB(VA C1548000, PA F7FF8080) was mapped	
00000023	0.00126982	[searchHDA] : RIRB(VA C1549800, PA F7FF8080) was mapped	
00000024	0.00218088	[lockRoutine] : beginCPU[1]	
00000025	0.00231792	[enumCodec] : Codec 0, Vendor 10EC0269, Revision 100100, Subnodebase 1, Subnodecnt 1	
00000026	0.00242006	[enumFuncgroup] : Funcgroup 1, Type 1, Subnodebase 0, Subnodecnt 22	
00000027	0.00247600	===================WIDGET #0===================	
00000028	0.00252374	-------------------CONNECTION-------------------	
00000029	0.00252682	-------------------0 CONNECTS-------------------	
00000030	0.00253041	[enumWidget] Output widget, In Amp not present, Out Amp not present	
00000031	0.00253298	-------------------AUDIO OUT-------------------	
00000032	0.00266386	[Format] : Type 0, Base 44.1kHz, Mult 0, Div 0, Bits 0, Chan 0	
00000033	0.00266694	[Stream, Channel] : Stream 0, Lowest channel 0	
00000034	0.00266951	-----------------------------------------------	
00000035	0.00271159	===================WIDGET #1===================	
00000036	0.00274598	-------------------CONNECTION-------------------	
00000037	0.00274906	-------------------0 CONNECTS-------------------	
00000038	0.00275214	[enumWidget] Output widget, In Amp not present, Out Amp not present	
00000039	0.00275522	-------------------AUDIO OUT-------------------	
00000040	0.00287892	[Format] : Type 0, Base 44.1kHz, Mult 0, Div 0, Bits 0, Chan 0	
00000041	0.00288200	[Stream, Channel] : Stream 0, Lowest channel 0	
00000042	0.00288457	-----------------------------------------------	
00000043	0.00293333	===================WIDGET #2===================	
00000044	0.00298260	-------------------CONNECTION-------------------	
00000045	0.00298517	-------------------0 CONNECTS-------------------	
00000046	0.00298876	[enumWidget] Output widget, In Amp present, Out Amp not present	
00000047	0.00299133	-------------------AUDIO OUT-------------------	
00000048	0.00312426	[Format] : Type 0, Base 44.1kHz, Mult 0, Div 0, Bits 1, Chan 1	
00000049	0.00312734	[Stream, Channel] : Stream 0, Lowest channel 0	
00000050	0.00312991	-----------------------------------------------	
00000051	0.00317046	===================WIDGET #3===================	
00000052	0.00320433	-------------------CONNECTION-------------------	
00000053	0.00320741	-------------------0 CONNECTS-------------------	
00000054	0.00321049	[enumWidget] Output widget, In Amp present, Out Amp not present	
00000055	0.00321357	-------------------AUDIO OUT-------------------	
00000056	0.00333983	[Format] : Type 0, Base 44.1kHz, Mult 0, Div 0, Bits 3, Chan 1	
00000057	0.00334291	[Stream, Channel] : Stream 0, Lowest channel 0	
00000058	0.00334548	-----------------------------------------------	
00000059	0.00339270	===================WIDGET #4===================	
00000060	0.00344146	-------------------CONNECTION-------------------	
00000061	0.00344454	-------------------0 CONNECTS-------------------	
00000062	0.00344762	[enumWidget] Beep widget, In Amp not present, Out Amp not present	
00000063	0.00349689	===================WIDGET #5===================	
00000064	0.00354514	-------------------CONNECTION-------------------	
00000065	0.00354771	-------------------0 CONNECTS-------------------	
00000066	0.00355130	[enumWidget] Beep widget, In Amp not present, Out Amp not present	
00000067	0.00360263	===================WIDGET #6===================	
00000068	0.00365088	-------------------CONNECTION-------------------	
00000069	0.00365344	-------------------0 CONNECTS-------------------	
00000070	0.00365703	[enumWidget] Output widget, In Amp not present, Out Amp not present	
00000071	0.00365960	-------------------AUDIO OUT-------------------	
00000072	0.00378843	[Format] : Type 0, Base 44.1kHz, Mult 0, Div 0, Bits 3, Chan 1	
00000073	0.00379151	[Stream, Channel] : Stream 0, Lowest channel 0	
00000074	0.00379459	-----------------------------------------------	
00000075	0.00383616	===================WIDGET #7===================	
00000076	0.00387107	-------------------CONNECTION-------------------	
00000077	0.00387415	-------------------0 CONNECTS-------------------	
00000078	0.00387723	[enumWidget] Beep widget, In Amp not present, Out Amp not present	
00000079	0.00392239	===================WIDGET #8===================	
00000080	0.00395422	-------------------CONNECTION-------------------	
00000081	0.00400298	[enumConnects] Connect #0(8 bit) is Widget #23	
00000082	0.00400554	-------------------1 CONNECTS-------------------	
00000083	0.00400914	[enumWidget] Input widget, In Amp not present, Out Amp present	
00000084	0.00419135	[Amp(Connect #0)] : OutLeft M, OutRight M, InLeft M, InRight M	
00000085	0.00419443	-------------------AUDIO IN-------------------	
00000086	0.00433095	[Format] : Type 0, Base 44.1kHz, Mult 0, Div 0, Bits 1, Chan 1	
00000087	0.00433403	[Stream, Channel] : Stream 0, Lowest channel 2	
00000088	0.00433660	-----------------------------------------------	
00000089	0.00438023	===================WIDGET #9===================	
00000090	0.00441410	-------------------CONNECTION-------------------	
00000091	0.00446440	[enumConnects] Connect #0(8 bit) is Widget #22	
00000092	0.00446697	-------------------1 CONNECTS-------------------	
00000093	0.00447056	[enumWidget] Input widget, In Amp not present, Out Amp present	
00000094	0.00465226	[Amp(Connect #0)] : OutLeft M, OutRight M, InLeft M, InRight M	
00000095	0.00465534	-------------------AUDIO IN-------------------	
00000096	0.00478828	[Format] : Type 0, Base 44.1kHz, Mult 0, Div 0, Bits 1, Chan 1	
00000097	0.00479136	[Stream, Channel] : Stream 0, Lowest channel 1	
00000098	0.00479444	-----------------------------------------------	
00000099	0.00483806	===================WIDGET #A===================	
00000100	0.00487091	-------------------CONNECTION-------------------	
00000101	0.00487399	-------------------0 CONNECTS-------------------	
00000102	0.00487707	[enumWidget] Beep widget, In Amp not present, Out Amp not present	
00000103	0.00492275	===================WIDGET #B===================	
00000104	0.00497511	-------------------CONNECTION-------------------	
00000105	0.00502592	[enumConnects] Connect #0(8 bit) is Widget #18	
00000106	0.00502900	[enumConnects] Connect #1(8 bit) is Widget #19	
00000107	0.00503208	[enumConnects] Connect #2(8 bit) is Widget #1A	
00000108	0.00503516	[enumConnects] Connect #3(8 bit) is Widget #1B	
00000109	0.00508033	[enumConnects] Connect #4(8 bit) is Widget #1D	
00000110	0.00508341	-------------------5 CONNECTS-------------------	
00000111	0.00508649	[enumWidget] Mixer widget, In Amp not present, Out Amp present	
00000112	0.00524714	[Amp(Connect #0)] : OutLeft M, OutRight M, InLeft E, InRight E	
00000113	0.00541344	[Amp(Connect #1)] : OutLeft M, OutRight M, InLeft E, InRight E	
00000114	0.00557974	[Amp(Connect #2)] : OutLeft M, OutRight M, InLeft E, InRight E	
00000115	0.00574757	[Amp(Connect #3)] : OutLeft M, OutRight M, InLeft E, InRight E	
00000116	0.00591336	[Amp(Connect #4)] : OutLeft M, OutRight M, InLeft E, InRight E	
00000117	0.00596315	===================WIDGET #C===================	
00000118	0.00599651	-------------------CONNECTION-------------------	
00000119	0.00604784	[enumConnects] Connect #0(8 bit) is Widget #2	
00000120	0.00605092	[enumConnects] Connect #1(8 bit) is Widget #B	
00000121	0.00605348	-------------------2 CONNECTS-------------------	
00000122	0.00605708	[enumWidget] Mixer widget, In Amp not present, Out Amp present	
00000123	0.00622851	[Amp(Connect #0)] : OutLeft M, OutRight M, InLeft M, InRight M	
00000124	0.00639224	[Amp(Connect #1)] : OutLeft M, OutRight M, InLeft E, InRight E	
00000125	0.00644100	===================WIDGET #D===================	
00000126	0.00647590	-------------------CONNECTION-------------------	
00000127	0.00652415	[enumConnects] Connect #0(8 bit) is Widget #3	
00000128	0.00652723	[enumConnects] Connect #1(8 bit) is Widget #B	
00000129	0.00652980	-------------------2 CONNECTS-------------------	
00000130	0.00653287	[enumWidget] Mixer widget, In Amp not present, Out Amp present	
00000131	0.00671354	[Amp(Connect #0)] : OutLeft M, OutRight M, InLeft M, InRight M	
00000132	0.00690037	[Amp(Connect #1)] : OutLeft M, OutRight M, InLeft E, InRight E	
00000133	0.00693322	===================WIDGET #E===================	
00000134	0.00698250	-------------------CONNECTION-------------------	
00000135	0.00698506	-------------------0 CONNECTS-------------------	
00000136	0.00698866	[enumWidget] Beep widget, In Amp not present, Out Amp not present	
00000137	0.00703742	===================WIDGET #F===================	
00000138	0.00708720	-------------------CONNECTION-------------------	
00000139	0.00712108	[enumConnects] Connect #0(8 bit) is Widget #2	
00000140	0.00712416	[enumConnects] Connect #1(8 bit) is Widget #B	
00000141	0.00712673	-------------------2 CONNECTS-------------------	
00000142	0.00712981	[enumWidget] Mixer widget, In Amp not present, Out Amp present	
00000143	0.00728841	[Amp(Connect #0)] : OutLeft M, OutRight M, InLeft M, InRight M	
00000144	0.00745470	[Amp(Connect #1)] : OutLeft M, OutRight M, InLeft E, InRight E	
00000145	0.00750552	===================WIDGET #10===================	
00000146	0.00753734	-------------------CONNECTION-------------------	
00000147	0.00753991	-------------------0 CONNECTS-------------------	
00000148	0.00754350	[enumWidget] Beep widget, In Amp not present, Out Amp not present	
00000149	0.00758867	===================WIDGET #11===================	
00000150	0.00762100	-------------------CONNECTION-------------------	
00000151	0.00762357	-------------------0 CONNECTS-------------------	
00000152	0.00762716	[enumWidget] Beep widget, In Amp not present, Out Amp not present	
00000153	0.00767028	===================WIDGET #12===================	
00000154	0.00770415	-------------------CONNECTION-------------------	
00000155	0.00770723	-------------------0 CONNECTS-------------------	
00000156	0.00771031	[enumWidget] Pin widget, In Amp not present, Out Amp present	
00000157	0.00771339	-------------------PIN COMPLEX-------------------	
00000158	0.00787353	[Configuration] : PortConn NoConn, UpperLoc External, LowerLoc Rear, DefaultDev Speaker, ConnType 1/8"S/M, Color Black	
00000159	0.00787712	[IsDetect] : Pin is not detected	
00000160	0.00788020	[Capabilities] : Input capable Y, Output capable N	
00000161	0.00788277	[Control] : Input enable N, Output enable N	
00000162	0.00788585	-----------------------------------------------	
00000163	0.00793461	===================WIDGET #13===================	
00000164	0.00797516	-------------------CONNECTION-------------------	
00000165	0.00797824	-------------------0 CONNECTS-------------------	
00000166	0.00798132	[enumWidget] Beep widget, In Amp not present, Out Amp not present	
00000167	0.00802597	===================WIDGET #14===================	
00000168	0.00806087	-------------------CONNECTION-------------------	
00000169	0.00810963	[enumConnects] Connect #0(8 bit) is Widget #C	
00000170	0.00811271	[enumConnects] Connect #1(8 bit) is Widget #D	
00000171	0.00811528	-------------------2 CONNECTS-------------------	
00000172	0.00811887	[enumWidget] Pin widget, In Amp present, Out Amp not present	
00000173	0.00829852	[Amp(Connect #0)] : OutLeft M, OutRight M, InLeft M, InRight M	
00000174	0.00848278	[Amp(Connect #1)] : OutLeft M, OutRight M, InLeft M, InRight M	
00000175	0.00848586	-------------------PIN COMPLEX-------------------	
00000176	0.00867320	[Configuration] : PortConn FixedFunc, UpperLoc Internal, LowerLoc , DefaultDev Speaker, ConnType ATAPI, Color Unknown	
00000177	0.00867680	[IsDetect] : Pin is not detected	
00000178	0.00867936	[Capabilities] : Input capable N, Output capable Y	
00000179	0.00868244	[Control] : Input enable N, Output enable Y	
00000180	0.00868501	-----------------------------------------------	
00000181	0.00872607	===================WIDGET #15===================	
00000182	0.00877380	-------------------CONNECTION-------------------	
00000183	0.00877688	-------------------0 CONNECTS-------------------	
00000184	0.00877996	[enumWidget] Beep widget, In Amp not present, Out Amp not present	
00000185	0.00883026	===================WIDGET #16===================	
00000186	0.00887748	-------------------CONNECTION-------------------	
00000187	0.00888056	-------------------0 CONNECTS-------------------	
00000188	0.00888364	[enumWidget] Beep widget, In Amp not present, Out Amp not present	
00000189	0.00893446	===================WIDGET #17===================	
00000190	0.00898373	-------------------CONNECTION-------------------	
00000191	0.00901863	[enumConnects] Connect #0(8 bit) is Widget #F	
00000192	0.00902120	-------------------1 CONNECTS-------------------	
00000193	0.00902428	[enumWidget] Pin widget, In Amp present, Out Amp not present	
00000194	0.00918493	[Amp(Connect #0)] : OutLeft E, OutRight E, InLeft M, InRight M	
00000195	0.00918750	-------------------PIN COMPLEX-------------------	
00000196	0.00935226	[Configuration] : PortConn NoConn, UpperLoc External, LowerLoc Rear, DefaultDev Speaker, ConnType 1/8"S/M, Color Black	
00000197	0.00935636	[IsDetect] : Pin is not detected	
00000198	0.00935893	[Capabilities] : Input capable N, Output capable Y	
00000199	0.00936149	[Control] : Input enable N, Output enable N	
00000200	0.00936406	-----------------------------------------------	
00000201	0.00941333	===================WIDGET #18===================	
00000202	0.00945440	-------------------CONNECTION-------------------	
00000203	0.00950521	[enumConnects] Connect #0(8 bit) is Widget #D	
00000204	0.00950778	-------------------1 CONNECTS-------------------	
00000205	0.00951086	[enumWidget] Pin widget, In Amp present, Out Amp present	
00000206	0.00969358	[Amp(Connect #0)] : OutLeft E, OutRight E, InLeft M, InRight M	
00000207	0.00969666	-------------------PIN COMPLEX-------------------	
00000208	0.00988092	[Configuration] : PortConn Jack, UpperLoc External, LowerLoc Rear, DefaultDev MicIn, ConnType 1/8"S/M, Color Black	
00000209	0.00988400	[IsDetect] : Pin is detected	
00000210	0.00988708	[Capabilities] : Input capable Y, Output capable Y	
00000211	0.00988965	[Control] : Input enable Y, Output enable N	
00000212	0.00989221	-----------------------------------------------	
00000213	0.00993430	===================WIDGET #19===================	
00000214	0.00998306	-------------------CONNECTION-------------------	
00000215	0.00998614	-------------------0 CONNECTS-------------------	
00000216	0.00998922	[enumWidget] Pin widget, In Amp not present, Out Amp present	
00000217	0.00999230	-------------------PIN COMPLEX-------------------	
00000218	0.01017246	[Configuration] : PortConn FixedFunc, UpperLoc Internal, LowerLoc , DefaultDev MicIn, ConnType ATAPI, Color Unknown	
00000219	0.01017605	[IsDetect] : Pin is not detected	
00000220	0.01017862	[Capabilities] : Input capable Y, Output capable N	
00000221	0.01018170	[Control] : Input enable N, Output enable N	
00000222	0.01018426	-----------------------------------------------	
00000223	0.01022532	===================WIDGET #1A===================	
00000224	0.01026793	-------------------CONNECTION-------------------	
00000225	0.01031720	[enumConnects] Connect #0(8 bit) is Widget #C	
00000226	0.01031977	[enumConnects] Connect #1(8 bit) is Widget #D	
00000227	0.01032285	-------------------2 CONNECTS-------------------	
00000228	0.01032593	[enumWidget] Pin widget, In Amp present, Out Amp present	
00000229	0.01050454	[Amp(Connect #0)] : OutLeft E, OutRight E, InLeft M, InRight M	
00000230	0.01067033	[Amp(Connect #1)] : OutLeft M, OutRight M, InLeft M, InRight M	
00000231	0.01067341	-------------------PIN COMPLEX-------------------	
00000232	0.01086024	[Configuration] : PortConn NoConn, UpperLoc External, LowerLoc Rear, DefaultDev Speaker, ConnType 1/8"S/M, Color Black	
00000233	0.01086383	[IsDetect] : Pin is not detected	
00000234	0.01086691	[Capabilities] : Input capable Y, Output capable Y	
00000235	0.01086948	[Control] : Input enable Y, Output enable N	
00000236	0.01087204	-----------------------------------------------	
00000237	0.01091413	===================WIDGET #1B===================	
00000238	0.01096289	-------------------CONNECTION-------------------	
00000239	0.01099677	[enumConnects] Connect #0(8 bit) is Widget #C	
00000240	0.01099933	[enumConnects] Connect #1(8 bit) is Widget #D	
00000241	0.01100241	-------------------2 CONNECTS-------------------	
00000242	0.01100549	[enumWidget] Pin widget, In Amp present, Out Amp present	
00000243	0.01116307	[Amp(Connect #0)] : OutLeft E, OutRight E, InLeft M, InRight M	
00000244	0.01132988	[Amp(Connect #1)] : OutLeft M, OutRight M, InLeft M, InRight M	
00000245	0.01133244	-------------------PIN COMPLEX-------------------	
00000246	0.01150541	[Configuration] : PortConn NoConn, UpperLoc External, LowerLoc Rear, DefaultDev Speaker, ConnType 1/8"S/M, Color Black	
00000247	0.01150952	[IsDetect] : Pin is not detected	
00000248	0.01151209	[Capabilities] : Input capable Y, Output capable Y	
00000249	0.01151465	[Control] : Input enable Y, Output enable N	
00000250	0.01151773	-----------------------------------------------	
00000251	0.01155828	===================WIDGET #1C===================	
00000252	0.01160961	-------------------CONNECTION-------------------	
00000253	0.01161218	-------------------0 CONNECTS-------------------	
00000254	0.01161577	[enumWidget] Beep widget, In Amp not present, Out Amp not present	
00000255	0.01166350	===================WIDGET #1D===================	
00000256	0.01171175	-------------------CONNECTION-------------------	
00000257	0.01171432	-------------------0 CONNECTS-------------------	
00000258	0.01171791	[enumWidget] Pin widget, In Amp not present, Out Amp not present	
00000259	0.01172047	-------------------PIN COMPLEX-------------------	
00000260	0.01190320	[Configuration] : PortConn NoConn, UpperLoc External, LowerLoc N/A, DefaultDev LineOut, ConnType Optical, Color Pink	
00000261	0.01190679	[IsDetect] : Pin is not detected	
00000262	0.01190987	[Capabilities] : Input capable Y, Output capable N	
00000263	0.01191244	[Control] : Input enable Y, Output enable N	
00000264	0.01191500	-----------------------------------------------	
00000265	0.01195401	===================WIDGET #1E===================	
00000266	0.01200380	-------------------CONNECTION-------------------	
00000267	0.01204024	[enumConnects] Connect #0(8 bit) is Widget #6	
00000268	0.01204332	-------------------1 CONNECTS-------------------	
00000269	0.01204640	[enumWidget] Pin widget, In Amp not present, Out Amp not present	
00000270	0.01220449	[Amp(Connect #0)] : OutLeft M, OutRight M, InLeft M, InRight M	
00000271	0.01220757	-------------------PIN COMPLEX-------------------	
00000272	0.01237489	[Configuration] : PortConn NoConn, UpperLoc External, LowerLoc Rear, DefaultDev Speaker, ConnType 1/8"S/M, Color Black	
00000273	0.01237848	[IsDetect] : Pin is not detected	
00000274	0.01238105	[Capabilities] : Input capable N, Output capable Y	
00000275	0.01238413	[Control] : Input enable N, Output enable Y	
00000276	0.01238670	-----------------------------------------------	
00000277	0.01243340	===================WIDGET #1F===================	
00000278	0.01247498	-------------------CONNECTION-------------------	
00000279	0.01247754	-------------------0 CONNECTS-------------------	
00000280	0.01248114	[enumWidget] Beep widget, In Amp not present, Out Amp not present	
00000281	0.01252631	===================WIDGET #20===================	
00000282	0.01257917	-------------------CONNECTION-------------------	
00000283	0.01258225	-------------------0 CONNECTS-------------------	
00000284	0.01258533	[enumWidget] Beep widget, In Amp not present, Out Amp not present	
00000285	0.01262742	===================WIDGET #21===================	
00000286	0.01266232	-------------------CONNECTION-------------------	
00000287	0.01271159	[enumConnects] Connect #0(8 bit) is Widget #C	
00000288	0.01271416	[enumConnects] Connect #1(8 bit) is Widget #D	
00000289	0.01271724	-------------------2 CONNECTS-------------------	
00000290	0.01272032	[enumWidget] Pin widget, In Amp present, Out Amp not present	
00000291	0.01289894	[Amp(Connect #0)] : OutLeft M, OutRight M, InLeft M, InRight M	
00000292	0.01306575	[Amp(Connect #1)] : OutLeft M, OutRight M, InLeft M, InRight M	
00000293	0.01306883	-------------------PIN COMPLEX-------------------	
00000294	0.01325412	[Configuration] : PortConn Jack, UpperLoc External, LowerLoc Rear, DefaultDev HPOut, ConnType 1/8"S/M, Color Black	
00000295	0.01325771	[IsDetect] : Pin is not detected	
00000296	0.01326028	[Capabilities] : Input capable N, Output capable Y	
00000297	0.01326336	[Control] : Input enable N, Output enable Y	
00000298	0.01326592	-----------------------------------------------	
00000299	0.01326849	================================================	
00000300	0.01327157	[lockRoutine] : endCPU[1]	
00000301	0.01462711	[DriverEntry] : Codec was found	
